<?xml version="1.0" encoding="UTF-8"?>
<!-- Generated by org.testng.reporters.JUnitReportReporter -->
<testsuite hostname="LAPTOP-1BCNC8E0" failures="0" tests="2" name="qaclickacademy.SeleniumTest" time="0.013" errors="0" timestamp="2021-06-30T12:53:55 MYT" skipped="0">
  <testcase classname="qaclickacademy.SeleniumTest" name="elementUI" time="0.001"/>
  <system-out/>
  <testcase classname="qaclickacademy.SeleniumTest" name="BrowserAutomation" time="0.012"/>
  <system-out/>
</testsuite> <!-- qaclickacademy.SeleniumTest -->
