<?xml version="1.0" encoding="UTF-8"?>
<!-- Generated by org.testng.reporters.JUnitReportReporter -->
<testsuite skipped="0" hostname="LAPTOP-1BCNC8E0" name="qaclickacademy.AppiumTest" tests="2" failures="0" timestamp="2021-06-30T13:30:35 SGT" time="0.005" errors="0">
  <testcase name="IOSApps" time="0.005" classname="qaclickacademy.AppiumTest"/>
  <system-out/>
  <testcase name="NativeAPAndroid" time="0.000" classname="qaclickacademy.AppiumTest"/>
  <system-out/>
</testsuite> <!-- qaclickacademy.AppiumTest -->
